<?xml version="1.0" encoding="UTF-8"?>
<!-- Generated by org.testng.reporters.JUnitReportReporter -->
<testsuite hostname="DESKTOP-DCTEAPV" failures="0" tests="4" name="testcases.b_MyFirstTestFW2" time="24.828" errors="0" timestamp="2025-04-18T17:02:46 IST" skipped="0">
  <testcase classname="testcases.b_MyFirstTestFW2" name="LoginTest" time="7.548"/>
  <testcase classname="testcases.b_MyFirstTestFW2" name="LoginTest" time="5.748"/>
  <testcase classname="testcases.b_MyFirstTestFW2" name="LoginTest" time="6.220"/>
  <testcase classname="testcases.b_MyFirstTestFW2" name="LoginTest" time="5.312"/>
</testsuite> <!-- testcases.b_MyFirstTestFW2 -->
