<?xml version="1.0" encoding="UTF-8"?>
<!-- Generated by org.testng.reporters.JUnitReportReporter -->
<testsuite hostname="DESKTOP-DCTEAPV" failures="0" tests="3" name="testcases.b_MyFirstTestFW" time="24.099" errors="0" timestamp="2025-04-10T17:57:01 IST" skipped="0">
  <testcase classname="testcases.b_MyFirstTestFW" name="LoginTest" time="7.413"/>
  <testcase classname="testcases.b_MyFirstTestFW" name="LoginTest" time="9.557"/>
  <testcase classname="testcases.b_MyFirstTestFW" name="LoginTest" time="7.129"/>
</testsuite> <!-- testcases.b_MyFirstTestFW -->
